2023-12-05 16:46:45,267 INFO o.a.j.u.JMeterUtils: Setting Locale to en_EN
2023-12-05 16:46:45,517 INFO o.a.j.JMeter: Loading user properties from: E:\apache-jmeter-5.6.2\apache-jmeter-5.6.2\bin\user.properties
2023-12-05 16:46:45,548 INFO o.a.j.JMeter: Loading system properties from: E:\apache-jmeter-5.6.2\apache-jmeter-5.6.2\bin\system.properties
2023-12-05 16:46:45,610 INFO o.a.j.JMeter: Copyright (c) 1998-2023 The Apache Software Foundation
2023-12-05 16:46:45,610 INFO o.a.j.JMeter: Version 5.6.2
2023-12-05 16:46:45,610 INFO o.a.j.JMeter: java.version=11.0.16.1
2023-12-05 16:46:45,610 INFO o.a.j.JMeter: java.vm.name=Java HotSpot(TM) 64-Bit Server VM
2023-12-05 16:46:45,610 INFO o.a.j.JMeter: os.name=Windows 11
2023-12-05 16:46:45,626 INFO o.a.j.JMeter: os.arch=amd64
2023-12-05 16:46:45,626 INFO o.a.j.JMeter: os.version=10.0
2023-12-05 16:46:45,626 INFO o.a.j.JMeter: file.encoding=Cp1252
2023-12-05 16:46:45,626 INFO o.a.j.JMeter: java.awt.headless=true
2023-12-05 16:46:45,626 INFO o.a.j.JMeter: Max memory     =1073741824
2023-12-05 16:46:45,626 INFO o.a.j.JMeter: Available Processors =4
2023-12-05 16:46:45,673 INFO o.a.j.JMeter: Default Locale=English (EN)
2023-12-05 16:46:45,673 INFO o.a.j.JMeter: JMeter  Locale=English (EN)
2023-12-05 16:46:45,673 INFO o.a.j.JMeter: JMeterHome=E:\apache-jmeter-5.6.2\apache-jmeter-5.6.2
2023-12-05 16:46:45,673 INFO o.a.j.JMeter: user.dir  =E:\apache-jmeter-5.6.2\apache-jmeter-5.6.2\bin\demo-transaction-api
2023-12-05 16:46:45,673 INFO o.a.j.JMeter: PWD       =E:\apache-jmeter-5.6.2\apache-jmeter-5.6.2\bin\demo-transaction-api
2023-12-05 16:46:45,688 INFO o.a.j.JMeter: IP: 192.168.0.105 Name: PRIYO FullName: PRIYO
2023-12-05 16:46:45,735 INFO o.a.j.JMeter: Setting property 'jmeter.reportgenerator.outputdir' to:'E:\apache-jmeter-5.6.2\apache-jmeter-5.6.2\bin\demo-transaction-api\Reports'
2023-12-05 16:46:45,735 INFO o.a.j.s.FileServer: Default base='E:\apache-jmeter-5.6.2\apache-jmeter-5.6.2\bin\demo-transaction-api'
2023-12-05 16:46:45,767 INFO o.a.j.s.FileServer: Set new base='E:\apache-jmeter-5.6.2\apache-jmeter-5.6.2\bin\demo-transaction-api\.'
2023-12-05 16:46:46,298 INFO o.a.j.s.SaveService: Testplan (JMX) version: 2.2. Testlog (JTL) version: 2.2
2023-12-05 16:46:46,548 INFO o.a.j.s.SaveService: Using SaveService properties version 5.0
2023-12-05 16:46:46,563 INFO o.a.j.s.SaveService: Using SaveService properties file encoding UTF-8
2023-12-05 16:46:46,579 INFO o.a.j.s.SaveService: Loading file: .\demo_transaction_api.jmx
2023-12-05 16:46:46,829 INFO o.a.j.p.h.s.HTTPSamplerBase: Parser for text/html is org.apache.jmeter.protocol.http.parser.LagartoBasedHtmlParser
2023-12-05 16:46:46,829 INFO o.a.j.p.h.s.HTTPSamplerBase: Parser for application/xhtml+xml is org.apache.jmeter.protocol.http.parser.LagartoBasedHtmlParser
2023-12-05 16:46:46,829 INFO o.a.j.p.h.s.HTTPSamplerBase: Parser for application/xml is org.apache.jmeter.protocol.http.parser.LagartoBasedHtmlParser
2023-12-05 16:46:46,829 INFO o.a.j.p.h.s.HTTPSamplerBase: Parser for text/xml is org.apache.jmeter.protocol.http.parser.LagartoBasedHtmlParser
2023-12-05 16:46:46,829 INFO o.a.j.p.h.s.HTTPSamplerBase: Parser for text/vnd.wap.wml is org.apache.jmeter.protocol.http.parser.RegexpHTMLParser
2023-12-05 16:46:46,829 INFO o.a.j.p.h.s.HTTPSamplerBase: Parser for text/css is org.apache.jmeter.protocol.http.parser.CssParser
2023-12-05 16:46:46,938 INFO o.a.j.JMeter: Creating summariser <summary>
2023-12-05 16:46:46,938 INFO o.a.j.r.d.ReportGenerator: ReportGenerator will use for Parsing the separator: ','
2023-12-05 16:46:46,938 INFO o.a.j.r.d.ReportGenerator: Will generate report at end of test from  results file: .\demo_transaction_api.csv
2023-12-05 16:46:46,938 INFO o.a.j.r.d.ReportGenerator: Reading report generator properties from: E:\apache-jmeter-5.6.2\apache-jmeter-5.6.2\bin\reportgenerator.properties
2023-12-05 16:46:46,969 INFO o.a.j.r.d.ReportGenerator: Merging with JMeter properties
2023-12-05 16:46:46,969 INFO o.a.j.r.c.ReportGeneratorConfiguration: Property 'jmeter.reportgenerator.temp_dir' not found, using default value 'temp' instead.
2023-12-05 16:46:46,969 INFO o.a.j.r.c.ReportGeneratorConfiguration: Property 'jmeter.reportgenerator.apdex_per_transaction' not found, using default value 'null' instead.
2023-12-05 16:46:46,969 INFO o.a.j.r.c.ReportGeneratorConfiguration: apdex_per_transaction is empty, not APDEX per transaction customization
2023-12-05 16:46:46,969 INFO o.a.j.r.c.ReportGeneratorConfiguration: Property 'jmeter.reportgenerator.sample_filter' not found, using default value 'null' instead.
2023-12-05 16:46:46,969 INFO o.a.j.r.c.ReportGeneratorConfiguration: Property 'jmeter.reportgenerator.report_title' not found, using default value 'null' instead.
2023-12-05 16:46:46,969 INFO o.a.j.r.c.ReportGeneratorConfiguration: Property 'jmeter.reportgenerator.start_date' not found, using default value 'null' instead.
2023-12-05 16:46:46,969 INFO o.a.j.r.c.ReportGeneratorConfiguration: Property 'jmeter.reportgenerator.end_date' not found, using default value 'null' instead.
2023-12-05 16:46:46,969 INFO o.a.j.r.c.ReportGeneratorConfiguration: Property 'jmeter.reportgenerator.date_format' not found, using default value 'null' instead.
2023-12-05 16:46:46,969 INFO o.a.j.r.c.ReportGeneratorConfiguration: Will use date range start date: null, end date: null
2023-12-05 16:46:46,969 INFO o.a.j.r.c.ReportGeneratorConfiguration: Property 'jmeter.reportgenerator.graph.totalTPS.exclude_controllers' not found, using default value 'false' instead.
2023-12-05 16:46:46,969 INFO o.a.j.r.c.ReportGeneratorConfiguration: Property 'jmeter.reportgenerator.graph.activeThreadsOverTime.exclude_controllers' not found, using default value 'false' instead.
2023-12-05 16:46:46,969 INFO o.a.j.r.c.ReportGeneratorConfiguration: Property 'jmeter.reportgenerator.graph.timeVsThreads.exclude_controllers' not found, using default value 'false' instead.
2023-12-05 16:46:46,969 INFO o.a.j.r.c.ReportGeneratorConfiguration: Property 'jmeter.reportgenerator.graph.responseTimeDistribution.exclude_controllers' not found, using default value 'false' instead.
2023-12-05 16:46:46,969 INFO o.a.j.r.c.ReportGeneratorConfiguration: Property 'jmeter.reportgenerator.graph.transactionsPerSecond.exclude_controllers' not found, using default value 'false' instead.
2023-12-05 16:46:46,969 INFO o.a.j.r.c.ReportGeneratorConfiguration: Property 'jmeter.reportgenerator.graph.responseTimePercentiles.exclude_controllers' not found, using default value 'false' instead.
2023-12-05 16:46:46,969 INFO o.a.j.r.c.ReportGeneratorConfiguration: Property 'jmeter.reportgenerator.graph.responseTimePercentilesOverTime.exclude_controllers' not found, using default value 'false' instead.
2023-12-05 16:46:46,969 INFO o.a.j.r.c.ReportGeneratorConfiguration: Property 'jmeter.reportgenerator.graph.responseTimesOverTime.exclude_controllers' not found, using default value 'false' instead.
2023-12-05 16:46:46,969 INFO o.a.j.r.c.ReportGeneratorConfiguration: Property 'jmeter.reportgenerator.graph.connectTimeOverTime.exclude_controllers' not found, using default value 'false' instead.
2023-12-05 16:46:46,969 INFO o.a.j.r.c.ReportGeneratorConfiguration: Property 'jmeter.reportgenerator.graph.latenciesOverTime.exclude_controllers' not found, using default value 'false' instead.
2023-12-05 16:46:46,985 INFO o.a.j.r.c.ReportGeneratorConfiguration: Property 'jmeter.reportgenerator.exporter.json.filters_only_sample_series' not found, using default value 'true' instead.
2023-12-05 16:46:46,985 INFO o.a.j.r.c.ReportGeneratorConfiguration: Property 'jmeter.reportgenerator.exporter.json.series_filter' not found, using default value '' instead.
2023-12-05 16:46:46,985 INFO o.a.j.r.c.ReportGeneratorConfiguration: Property 'jmeter.reportgenerator.exporter.json.show_controllers_only' not found, using default value 'false' instead.
2023-12-05 16:46:46,985 INFO o.a.j.r.c.ReportGeneratorConfiguration: Property 'jmeter.reportgenerator.exporter.html.filters_only_sample_series' not found, using default value 'true' instead.
2023-12-05 16:46:46,985 INFO o.a.j.r.c.ReportGeneratorConfiguration: Property 'jmeter.reportgenerator.exporter.html.series_filter' not found, using default value '' instead.
2023-12-05 16:46:46,985 INFO o.a.j.r.c.ReportGeneratorConfiguration: Property 'jmeter.reportgenerator.exporter.html.show_controllers_only' not found, using default value 'false' instead.
2023-12-05 16:46:47,094 INFO o.a.j.e.StandardJMeterEngine: Running the test!
2023-12-05 16:46:47,094 INFO o.a.j.s.SampleEvent: List of sample_variables: []
2023-12-05 16:46:47,094 INFO o.a.j.s.SampleEvent: List of sample_variables: []
2023-12-05 16:46:47,188 INFO o.a.j.e.u.CompoundVariable: Note: Function class names must contain the string: '.functions.'
2023-12-05 16:46:47,188 INFO o.a.j.e.u.CompoundVariable: Note: Function class names must not contain the string: '.gui.'
2023-12-05 16:46:48,328 INFO o.a.j.JMeter: Running test (1701773208328)
2023-12-05 16:46:48,344 INFO o.a.j.e.StandardJMeterEngine: Starting ThreadGroup: 1 : demo_transaction_api
2023-12-05 16:46:48,344 INFO o.a.j.e.StandardJMeterEngine: Starting 1 threads for group demo_transaction_api.
2023-12-05 16:46:48,360 INFO o.a.j.e.StandardJMeterEngine: Thread will continue on error
2023-12-05 16:46:48,360 INFO o.a.j.t.ThreadGroup: Starting thread group... number=1 threads=1 ramp-up=1 delayedStart=false
2023-12-05 16:46:48,375 INFO o.a.j.t.ThreadGroup: Started thread group number 1
2023-12-05 16:46:48,375 INFO o.a.j.e.StandardJMeterEngine: All thread groups have been started
2023-12-05 16:46:48,391 INFO o.a.j.t.JMeterThread: Thread started: demo_transaction_api 1-1
2023-12-05 16:46:48,469 INFO o.a.j.p.h.s.HTTPHCAbstractImpl: Local host = PRIYO
2023-12-05 16:46:48,469 INFO o.a.j.p.h.s.HTTPHC4Impl: HTTP request retry count = 0
2023-12-05 16:46:48,485 INFO o.a.j.s.SampleResult: Note: Sample TimeStamps are START times
2023-12-05 16:46:48,485 INFO o.a.j.s.SampleResult: sampleresult.default.encoding is set to UTF-8
2023-12-05 16:46:48,485 INFO o.a.j.s.SampleResult: sampleresult.useNanoTime=true
2023-12-05 16:46:48,485 INFO o.a.j.s.SampleResult: sampleresult.nanoThreadSleep=5000
2023-12-05 16:46:48,657 INFO o.a.j.p.h.s.h.LazyLayeredConnectionSocketFactory: Setting up HTTPS TrustAll Socket Factory
2023-12-05 16:46:48,735 INFO o.a.j.u.JsseSSLManager: Using default SSL protocol: TLS
2023-12-05 16:46:48,735 INFO o.a.j.u.JsseSSLManager: SSL session context: per-thread
2023-12-05 16:46:49,328 INFO o.a.j.u.SSLManager: JmeterKeyStore Location:  type JKS
2023-12-05 16:46:49,391 INFO o.a.j.u.SSLManager: KeyStore created OK
2023-12-05 16:46:49,406 WARN o.a.j.u.SSLManager: Keystore file not found, loading empty keystore
2023-12-05 16:46:52,281 INFO o.a.j.t.JMeterThread: Thread is done: demo_transaction_api 1-1
2023-12-05 16:46:52,281 INFO o.a.j.t.JMeterThread: Thread finished: demo_transaction_api 1-1
2023-12-05 16:46:52,312 INFO o.a.j.e.StandardJMeterEngine: Notifying test listeners of end of test
2023-12-05 16:46:52,312 INFO o.a.j.r.Summariser: summary =      8 in 00:00:04 =    2.0/s Avg:   455 Min:    19 Max:  3400 Err:     0 (0.00%)
2023-12-05 16:46:52,312 INFO o.a.j.JMeter: Generating Dashboard
2023-12-05 16:46:52,312 INFO o.a.j.r.d.ReportGenerator: Flushing result collector before report Generation
2023-12-05 16:46:52,327 INFO o.a.j.r.p.NormalizerSampleConsumer: Using format, 'ms', to parse timeStamp field
2023-12-05 16:46:52,406 INFO o.a.j.r.p.AbstractSampleConsumer: class org.apache.jmeter.report.processor.AggregateConsumer#stopProducing(): beginDate produced 0 samples
2023-12-05 16:46:52,406 INFO o.a.j.r.p.AbstractSampleConsumer: class org.apache.jmeter.report.processor.AggregateConsumer#stopProducing(): endDate produced 0 samples
2023-12-05 16:46:52,406 INFO o.a.j.r.p.AbstractSampleConsumer: class org.apache.jmeter.report.processor.ApdexSummaryConsumer#stopProducing(): apdexSummary produced 0 samples
2023-12-05 16:46:52,406 INFO o.a.j.r.p.AbstractSampleConsumer: class org.apache.jmeter.report.processor.RequestsSummaryConsumer#stopProducing(): requestsSummary produced 0 samples
2023-12-05 16:46:52,437 INFO o.a.j.r.p.AbstractSampleConsumer: class org.apache.jmeter.report.processor.StatisticsSummaryConsumer#stopProducing(): statisticsSummary produced 0 samples
2023-12-05 16:46:52,437 INFO o.a.j.r.p.AbstractSampleConsumer: class org.apache.jmeter.report.processor.Top5ErrorsBySamplerConsumer#stopProducing(): top5ErrorsBySampler produced 0 samples
2023-12-05 16:46:52,437 INFO o.a.j.r.p.AbstractSampleConsumer: class org.apache.jmeter.report.processor.ErrorsSummaryConsumer#stopProducing(): errorsSummary produced 0 samples
2023-12-05 16:46:52,437 INFO o.a.j.r.p.AbstractSampleConsumer: class org.apache.jmeter.report.processor.graph.impl.HitsPerSecondGraphConsumer#stopProducing(): hitsPerSecond produced 0 samples
2023-12-05 16:46:52,546 INFO o.a.j.r.p.AbstractSampleConsumer: class org.apache.jmeter.report.processor.graph.impl.LatencyVSRequestGraphConsumer#stopProducing(): latencyVsRequest produced 0 samples
2023-12-05 16:46:52,546 INFO o.a.j.r.p.AbstractSampleConsumer: class org.apache.jmeter.report.processor.graph.impl.SyntheticResponseTimeDistributionGraphConsumer#stopProducing(): syntheticResponseTimeDistribution produced 0 samples
2023-12-05 16:46:52,546 INFO o.a.j.r.p.AbstractSampleConsumer: class org.apache.jmeter.report.processor.graph.impl.BytesThroughputGraphConsumer#stopProducing(): bytesThroughputOverTime produced 0 samples
2023-12-05 16:46:52,546 INFO o.a.j.r.p.AbstractSampleConsumer: class org.apache.jmeter.report.processor.graph.impl.CodesPerSecondGraphConsumer#stopProducing(): codesPerSecond produced 0 samples
2023-12-05 16:46:52,562 INFO o.a.j.r.p.AbstractSampleConsumer: class org.apache.jmeter.report.processor.graph.impl.ResponseTimeVSRequestGraphConsumer#stopProducing(): responseTimeVsRequest produced 0 samples
2023-12-05 16:46:52,562 INFO o.a.j.r.p.AbstractSampleConsumer: class org.apache.jmeter.report.processor.FilterConsumer#stopProducing(): startIntervalControlerFilter produced 56 samples
2023-12-05 16:46:52,562 INFO o.a.j.r.p.AbstractSampleConsumer: class org.apache.jmeter.report.processor.graph.impl.TotalTPSGraphConsumer#stopProducing(): totalTPS produced 0 samples
2023-12-05 16:46:52,562 INFO o.a.j.r.p.AbstractSampleConsumer: class org.apache.jmeter.report.processor.graph.impl.ActiveThreadsGraphConsumer#stopProducing(): activeThreadsOverTime produced 0 samples
2023-12-05 16:46:52,562 INFO o.a.j.r.p.AbstractSampleConsumer: class org.apache.jmeter.report.processor.graph.impl.TimeVSThreadGraphConsumer#stopProducing(): timeVsThreads produced 0 samples
2023-12-05 16:46:52,562 INFO o.a.j.r.p.AbstractSampleConsumer: class org.apache.jmeter.report.processor.graph.impl.ResponseTimeDistributionGraphConsumer#stopProducing(): responseTimeDistribution produced 0 samples
2023-12-05 16:46:52,562 INFO o.a.j.r.p.AbstractSampleConsumer: class org.apache.jmeter.report.processor.graph.impl.TransactionsPerSecondGraphConsumer#stopProducing(): transactionsPerSecond produced 0 samples
2023-12-05 16:46:52,562 INFO o.a.j.r.p.AbstractSampleConsumer: class org.apache.jmeter.report.processor.graph.impl.ResponseTimePercentilesGraphConsumer#stopProducing(): responseTimePercentiles produced 0 samples
2023-12-05 16:46:52,577 INFO o.a.j.r.p.AbstractSampleConsumer: class org.apache.jmeter.report.processor.graph.impl.ResponseTimePercentilesOverTimeGraphConsumer#stopProducing(): responseTimePercentilesOverTime produced 0 samples
2023-12-05 16:46:52,577 INFO o.a.j.r.p.AbstractSampleConsumer: class org.apache.jmeter.report.processor.graph.impl.ResponseTimeOverTimeGraphConsumer#stopProducing(): responseTimesOverTime produced 0 samples
2023-12-05 16:46:52,577 INFO o.a.j.r.p.AbstractSampleConsumer: class org.apache.jmeter.report.processor.graph.impl.ConnectTimeOverTimeGraphConsumer#stopProducing(): connectTimeOverTime produced 0 samples
2023-12-05 16:46:52,577 INFO o.a.j.r.p.AbstractSampleConsumer: class org.apache.jmeter.report.processor.graph.impl.LatencyOverTimeGraphConsumer#stopProducing(): latenciesOverTime produced 0 samples
2023-12-05 16:46:52,577 INFO o.a.j.r.p.AbstractSampleConsumer: class org.apache.jmeter.report.processor.FilterConsumer#stopProducing(): nameFilter produced 120 samples
2023-12-05 16:46:52,577 INFO o.a.j.r.p.AbstractSampleConsumer: class org.apache.jmeter.report.processor.FilterConsumer#stopProducing(): dateRangeFilter produced 24 samples
2023-12-05 16:46:52,577 INFO o.a.j.r.p.AbstractSampleConsumer: class org.apache.jmeter.report.processor.NormalizerSampleConsumer#stopProducing(): normalizer produced 8 samples
2023-12-05 16:46:52,577 INFO o.a.j.r.p.CsvFileSampleSource: produce(): 8 samples produced in 203ms on channel 0
2023-12-05 16:46:52,577 INFO o.a.j.r.d.ReportGenerator: Exporting data using exporter:'json' of className:'org.apache.jmeter.report.dashboard.JsonExporter'
2023-12-05 16:46:52,796 INFO o.a.j.r.d.JsonExporter: Found data for consumer statisticsSummary in context
2023-12-05 16:46:52,796 INFO o.a.j.r.d.JsonExporter: Creating statistics for overall
2023-12-05 16:46:52,796 INFO o.a.j.r.d.JsonExporter: Creating statistics for other transactions
2023-12-05 16:46:52,796 INFO o.a.j.r.d.JsonExporter: Checking output folder
2023-12-05 16:46:52,827 INFO o.a.j.r.d.JsonExporter: Writing statistics JSON to E:\apache-jmeter-5.6.2\apache-jmeter-5.6.2\bin\demo-transaction-api\Reports\statistics.json
2023-12-05 16:46:52,921 INFO o.a.j.r.d.ReportGenerator: Exporting data using exporter:'html' of className:'org.apache.jmeter.report.dashboard.HtmlTemplateExporter'
2023-12-05 16:46:52,921 INFO o.a.j.r.d.HtmlTemplateExporter: Will generate dashboard in folder: E:\apache-jmeter-5.6.2\apache-jmeter-5.6.2\bin\demo-transaction-api\Reports
2023-12-05 16:46:53,124 INFO o.a.j.r.d.HtmlTemplateExporter: Report will be generated in: E:\apache-jmeter-5.6.2\apache-jmeter-5.6.2\bin\demo-transaction-api\Reports, creating folder structure
2023-12-05 16:46:53,171 INFO o.a.j.r.d.TemplateVisitor: Copying folder from 'E:\apache-jmeter-5.6.2\apache-jmeter-5.6.2\bin\report-template' to 'E:\apache-jmeter-5.6.2\apache-jmeter-5.6.2\bin\demo-transaction-api\Reports', got message: E:\apache-jmeter-5.6.2\apache-jmeter-5.6.2\bin\demo-transaction-api\Reports, found non empty folder with following content [E:\apache-jmeter-5.6.2\apache-jmeter-5.6.2\bin\demo-transaction-api\Reports\statistics.json], will be ignored
2023-12-05 16:46:54,515 INFO o.a.j.JMeter: Dashboard generated
